16:31:17.536 [main] DEBUG tests.LoginTest - browser loaded page
16:31:19.098 [main] DEBUG tests.LoginTest - launched login page
16:31:28.599 [main] DEBUG tests.LoginTest - verified myaccountpage
16:32:31.378 [main] DEBUG tests.LoginTest - browser loaded page
16:32:32.910 [main] DEBUG tests.LoginTest - launched login page
16:32:42.732 [main] DEBUG tests.LoginTest - verified myaccountpage
16:41:02.955 [main] DEBUG tests.LoginTest - browser loaded page
16:41:04.435 [main] DEBUG tests.LoginTest - launched login page
16:41:13.754 [main] DEBUG tests.LoginTest - verified myaccountpage
16:43:55.377 [main] DEBUG tests.LoginTest - browser loaded page
16:43:56.937 [main] DEBUG tests.LoginTest - launched login page
16:44:06.336 [main] DEBUG tests.LoginTest - verified myaccountpage
16:54:21.794 [main] DEBUG tests.LoginTest - browser loaded page
16:54:23.243 [main] DEBUG tests.LoginTest - launched login page
16:54:32.543 [main] DEBUG tests.LoginTest - verified myaccountpage
16:56:56.115 [TestNG-tests-1] DEBUG tests.LoginTest - browser loaded page
16:56:57.564 [TestNG-tests-1] DEBUG tests.LoginTest - launched login page
16:57:06.978 [TestNG-tests-1] DEBUG tests.LoginTest - verified myaccountpage
16:57:42.377 [TestNG-test=Test-1] DEBUG tests.LoginTest - browser loaded page
16:57:44.504 [TestNG-test=Test-1] DEBUG tests.LoginTest - launched login page
16:57:53.863 [TestNG-test=Test-1] DEBUG tests.LoginTest - verified myaccountpage
17:18:45.160 [TestNG-test=Test-1] DEBUG tests.LoginTest - browser loaded page
17:18:46.472 [TestNG-test=Test-1] DEBUG tests.LoginTest - launched login page
17:18:55.883 [TestNG-test=Test-1] DEBUG tests.LoginTest - verified myaccountpage
19:52:30.427 [TestNG-test=Test-1] DEBUG tests.LoginTest - browser loaded page
19:52:31.891 [TestNG-test=Test-1] DEBUG tests.LoginTest - launched login page
14:14:40.925 [main] DEBUG tests.LoginTest - browser loaded page
14:14:42.359 [main] DEBUG tests.LoginTest - launched login page
14:14:51.786 [main] DEBUG tests.LoginTest - verified myaccountpage
15:01:15.444 [main] DEBUG tests.LoginTest - browser loaded page
15:01:16.887 [main] DEBUG tests.LoginTest - launched login page
15:01:26.271 [main] DEBUG tests.LoginTest - verified myaccountpage
15:04:10.628 [main] DEBUG tests.LoginTest - browser loaded page
15:04:12.180 [main] DEBUG tests.LoginTest - launched login page
15:04:21.814 [main] DEBUG tests.LoginTest - verified myaccountpage
15:07:19.474 [main] DEBUG tests.LoginTest - browser loaded page
15:07:20.844 [main] DEBUG tests.LoginTest - launched login page
15:07:30.407 [main] DEBUG tests.LoginTest - verified myaccountpage
15:11:08.759 [main] DEBUG tests.LoginTest - browser loaded page
15:11:10.114 [main] DEBUG tests.LoginTest - launched login page
15:11:19.456 [main] DEBUG tests.LoginTest - verified myaccountpage
15:38:31.324 [main] DEBUG tests.LoginTest - browser loaded page
15:38:34.221 [main] DEBUG tests.LoginTest - launched login page
15:38:43.528 [main] DEBUG tests.LoginTest - verified myaccountpage
